make --dry-run --always-make --keep-going --print-directory
make: Entering directory '/home/ben/projet42/minishell'
mkdir -p ./
mkdir -p obj
make -C./libs/libft/
mkdir -p obj/parsing/prompt/
gcc  -fsanitize=address -g3  -Iincludes -c -o obj/parsing/prompt/prompt.o srcs/parsing/prompt/prompt.c
gcc  -fsanitize=address -g3  -Iincludes -MM srcs/parsing/prompt/prompt.c > obj/parsing/prompt/prompt.d
cp -f obj/parsing/prompt/prompt.d obj/parsing/prompt/prompt.d.tmp
sed -e 's|.*:|obj/parsing/prompt/prompt.o:|' < obj/parsing/prompt/prompt.d.tmp > obj/parsing/prompt/prompt.d
sed -e 's/.*://' -e 's/\\$//' < obj/parsing/prompt/prompt.d.tmp | fmt -1 | sed -e 's/^ *//' -e 's/$/:/' >> obj/parsing/prompt/prompt.d
rm -f obj/parsing/prompt/prompt.d.tmp
mkdir -p obj/exec/
gcc  -fsanitize=address -g3  -Iincludes -c -o obj/exec/test_execve.o srcs/exec/test_execve.c
gcc  -fsanitize=address -g3  -Iincludes -MM srcs/exec/test_execve.c > obj/exec/test_execve.d
cp -f obj/exec/test_execve.d obj/exec/test_execve.d.tmp
sed -e 's|.*:|obj/exec/test_execve.o:|' < obj/exec/test_execve.d.tmp > obj/exec/test_execve.d
sed -e 's/.*://' -e 's/\\$//' < obj/exec/test_execve.d.tmp | fmt -1 | sed -e 's/^ *//' -e 's/$/:/' >> obj/exec/test_execve.d
rm -f obj/exec/test_execve.d.tmp
mkdir -p obj/signal/
gcc  -fsanitize=address -g3  -Iincludes -c -o obj/signal/interactive_mode.o srcs/signal/interactive_mode.c
gcc  -fsanitize=address -g3  -Iincludes -MM srcs/signal/interactive_mode.c > obj/signal/interactive_mode.d
cp -f obj/signal/interactive_mode.d obj/signal/interactive_mode.d.tmp
sed -e 's|.*:|obj/signal/interactive_mode.o:|' < obj/signal/interactive_mode.d.tmp > obj/signal/interactive_mode.d
sed -e 's/.*://' -e 's/\\$//' < obj/signal/interactive_mode.d.tmp | fmt -1 | sed -e 's/^ *//' -e 's/$/:/' >> obj/signal/interactive_mode.d
rm -f obj/signal/interactive_mode.d.tmp
mkdir -p obj/
gcc  -fsanitize=address -g3  -Iincludes -c -o obj/main.o srcs/main.c
gcc  -fsanitize=address -g3  -Iincludes -MM srcs/main.c > obj/main.d
cp -f obj/main.d obj/main.d.tmp
sed -e 's|.*:|obj/main.o:|' < obj/main.d.tmp > obj/main.d
sed -e 's/.*://' -e 's/\\$//' < obj/main.d.tmp | fmt -1 | sed -e 's/^ *//' -e 's/$/:/' >> obj/main.d
rm -f obj/main.d.tmp
gcc  -fsanitize=address -g3 -o .//minishell obj/parsing/prompt/prompt.o obj/exec/test_execve.o obj/signal/interactive_mode.o obj/main.o -L/usr/local/lib -I/usr/local/include -lreadline ./libs/libft/libft.a
echo "\033[32mminishell created\n\033[0m"
make: Leaving directory '/home/ben/projet42/minishell'
 
